\BOOKMARK [1][-]{section.1}{\376\377\000A}{}% 1
\BOOKMARK [1][-]{section.2}{\376\377\000c\000a\000d\000r\000e\000\040\000d\000e\000\040\000r\000\351\000f\000\351\000r\000e\000n\000c\000e\000\040}{}% 2
\BOOKMARK [1][-]{section.3}{\376\377\000t\000a\000b\000l\000e\000a\000u\000\040\000d\000e\000\040\000s\000p\000\351\000c\000i\000f\000i\000c\000a\000t\000i\000o\000n}{}% 3
\BOOKMARK [1][-]{section.4}{\376\377\000I\000n\000t\000r\000o\000d\000u\000c\000t\000i\000o\000n}{}% 4
\BOOKMARK [1][-]{section.5}{\376\377\000A\000n\000a\000l\000y\000s\000e\000\040\000S\000t\000a\000t\000i\000s\000t\000i\000q\000u\000e\000\040\000d\000e\000s\000\040\000R\000\351\000s\000u\000l\000t\000a\000t\000s}{}% 5
\BOOKMARK [2][-]{subsection.5.1}{\376\377\000D\000i\000s\000t\000r\000i\000b\000u\000t\000i\000o\000n\000\040\000d\000e\000s\000\040\000N\000o\000t\000e\000s}{section.5}% 6
\BOOKMARK [2][-]{subsection.5.2}{\376\377\000V\000i\000s\000u\000a\000l\000i\000s\000a\000t\000i\000o\000n\000\040\000d\000e\000\040\000l\000a\000\040\000D\000i\000s\000t\000r\000i\000b\000u\000t\000i\000o\000n}{section.5}% 7
\BOOKMARK [2][-]{subsection.5.3}{\376\377\000R\000\351\000p\000a\000r\000t\000i\000t\000i\000o\000n\000\040\000d\000e\000s\000\040\000N\000o\000t\000e\000s\000\040\000p\000a\000r\000\040\000I\000n\000t\000e\000r\000v\000a\000l\000l\000e\000s}{section.5}% 8
\BOOKMARK [2][-]{subsection.5.4}{\376\377\000T\000a\000u\000x\000\040\000d\000e\000\040\000R\000\351\000u\000s\000s\000i\000t\000e}{section.5}% 9
\BOOKMARK [1][-]{section.6}{\376\377\000A\000n\000a\000l\000y\000s\000e\000\040\000p\000a\000r\000\040\000P\000a\000r\000t\000i\000e\000\040\000d\000u\000\040\000D\000e\000v\000o\000i\000r}{}% 10
\BOOKMARK [2][-]{subsection.6.1}{\376\377\000P\000e\000r\000f\000o\000r\000m\000a\000n\000c\000e\000\040\000C\000o\000m\000p\000a\000r\000a\000t\000i\000v\000e\000\040\000C\000h\000i\000m\000i\000e\000/\000P\000h\000y\000s\000i\000q\000u\000e}{section.6}% 11
\BOOKMARK [2][-]{subsection.6.2}{\376\377\000A\000n\000a\000l\000y\000s\000e\000\040\000p\000a\000r\000\040\000C\000o\000m\000p\000\351\000t\000e\000n\000c\000e}{section.6}% 12
\BOOKMARK [1][-]{section.7}{\376\377\000I\000d\000e\000n\000t\000i\000f\000i\000c\000a\000t\000i\000o\000n\000\040\000d\000e\000s\000\040\000D\000i\000f\000f\000i\000c\000u\000l\000t\000\351\000s\000\040\000P\000r\000i\000n\000c\000i\000p\000a\000l\000e\000s}{}% 13
\BOOKMARK [2][-]{subsection.7.1}{\376\377\000E\000n\000\040\000C\000h\000i\000m\000i\000e}{section.7}% 14
\BOOKMARK [3][-]{subsubsection.7.1.1}{\376\377\000P\000o\000i\000n\000t\000s\000\040\000f\000o\000r\000t\000s}{subsection.7.1}% 15
\BOOKMARK [3][-]{subsubsection.7.1.2}{\376\377\000D\000i\000f\000f\000i\000c\000u\000l\000t\000\351\000s\000\040\000m\000a\000j\000e\000u\000r\000e\000s}{subsection.7.1}% 16
\BOOKMARK [2][-]{subsection.7.2}{\376\377\000E\000n\000\040\000P\000h\000y\000s\000i\000q\000u\000e}{section.7}% 17
\BOOKMARK [3][-]{subsubsection.7.2.1}{\376\377\000P\000o\000i\000n\000t\000s\000\040\000f\000o\000r\000t\000s}{subsection.7.2}% 18
\BOOKMARK [3][-]{subsubsection.7.2.2}{\376\377\000D\000i\000f\000f\000i\000c\000u\000l\000t\000\351\000s\000\040\000m\000a\000j\000e\000u\000r\000e\000s}{subsection.7.2}% 19
\BOOKMARK [1][-]{section.8}{\376\377\000R\000e\000c\000o\000m\000m\000a\000n\000d\000a\000t\000i\000o\000n\000s\000\040\000P\000\351\000d\000a\000g\000o\000g\000i\000q\000u\000e\000s}{}% 20
\BOOKMARK [2][-]{subsection.8.1}{\376\377\000R\000e\000m\000\351\000d\000i\000a\000t\000i\000o\000n\000\040\000I\000m\000m\000\351\000d\000i\000a\000t\000e}{section.8}% 21
\BOOKMARK [2][-]{subsection.8.2}{\376\377\000A\000j\000u\000s\000t\000e\000m\000e\000n\000t\000s\000\040\000p\000o\000u\000r\000\040\000l\000'\000E\000n\000s\000e\000i\000g\000n\000e\000m\000e\000n\000t\000\040\000F\000u\000t\000u\000r}{section.8}% 22
\BOOKMARK [3][-]{subsubsection.8.2.1}{\376\377\000E\000n\000\040\000C\000h\000i\000m\000i\000e}{subsection.8.2}% 23
\BOOKMARK [3][-]{subsubsection.8.2.2}{\376\377\000E\000n\000\040\000P\000h\000y\000s\000i\000q\000u\000e}{subsection.8.2}% 24
\BOOKMARK [2][-]{subsection.8.3}{\376\377\000D\000i\000f\000f\000\351\000r\000e\000n\000c\000i\000a\000t\000i\000o\000n\000\040\000P\000\351\000d\000a\000g\000o\000g\000i\000q\000u\000e}{section.8}% 25
\BOOKMARK [1][-]{section.9}{\376\377\000C\000o\000n\000c\000l\000u\000s\000i\000o\000n}{}% 26
